[2025-09-11 14:25:58,433] INFO: Сервер запущен на порту 8000
[2025-09-11 14:26:09,084] INFO: Сервер остановлен.
[2025-09-15 11:36:04] ERROR: Error: Unsupported file format (РЎРЅРёРјРѕРє СЌРєСЂР°РЅР° 2025-07-24 180727.png"
Content-Type: image/png)
[2025-09-15 11:36:18] ERROR: Error: Unsupported file format (dog3.jpg"
Content-Type: image/jpeg)
[2025-09-15 11:36:26] ERROR: Error: Unsupported file format (photo_2025-08-25_17-55-57.jpg"
Content-Type: image/jpeg)
[2025-09-15 11:36:36] ERROR: Error: Unsupported file format (dog3.jpg"
Content-Type: image/jpeg)
[2025-09-15 11:40:54] ERROR: Error: Unsupported file format (dog3.jpg"
Content-Type: image/jpeg)
[2025-09-15 11:51:03] ERROR: Error: Unsupported file format (dog3.jpg"
Content-Type: image/jpeg)
[2025-09-15 11:56:43] ERROR: Error: Unsupported file format (dog3.jpg"
Content-Type: image/jpeg)
[2025-09-15 12:04:53] ERROR: Error: Unsupported file format (dog3.jpg"
Content-Type: image/jpeg)
[2025-09-15 12:04:59] ERROR: Error: Unsupported file format (photo_2025-08-25_17-55-57.jpg"
Content-Type: image/jpeg)
[2025-09-15 12:09:25] INFO: Success: Image uploaded successfully: 20250915120925550516.jpg (original: dog3.jpg)
[2025-09-15 12:09:32] INFO: Success: Image uploaded successfully: 20250915120932001243.jpg (original: photo_2025-08-25_17-55-57.jpg)
[2025-09-15 13:04:08] INFO: Success: Image uploaded successfully: 20250915130408205042.jpg (original: dog3.jpg)
